<?xml version="1.0" encoding="UTF-8"?>
<!-- Generated by org.testng.reporters.JUnitReportReporter -->
<testsuite hostname="DESKTOP-RUC9O5J" failures="0" tests="2" name="Academy.E2EProject.HomePage" time="15.119" errors="0" timestamp="9 Sep 2020 23:49:15 GMT">
  <testcase classname="Academy.E2EProject.HomePage" name="basePageNavigation" time="12.016"/>
  <testcase classname="Academy.E2EProject.HomePage" name="basePageNavigation" time="3.103"/>
</testsuite> <!-- Academy.E2EProject.HomePage -->
