<?xml version="1.0" encoding="UTF-8"?>
<!-- Generated by org.testng.reporters.JUnitReportReporter -->
<testsuite hostname="DESKTOP-RUC9O5J" failures="0" tests="1" name="Academy.E2EProject.ValidateNavigationBar" time="0.525" errors="0" timestamp="9 Sep 2020 23:49:15 GMT">
  <testcase classname="Academy.E2EProject.ValidateNavigationBar" name="basePageNavigation" time="0.525"/>
</testsuite> <!-- Academy.E2EProject.ValidateNavigationBar -->
